

*******************************************************************************
* Report  : Area                                                              *
* Command : analyze_area >                                                    *
*         : /headless/Desktop/digitial/digital_env/Mult16/report/area.rpt     *
* Design  : mult16                                                            *
* Version : 2506_4e37.rel                                                     *
* Date    : 6:52 PM, 12-Apr-26                                                *
*******************************************************************************
*******************************************************************************
* Legend :                                                                    *
* (M): subdesign                                                              *
* (B): black_box                                                              *
* (C): combinational cell                                                     *
* (S): sequential cell                                                        *
*******************************************************************************


=================================================================
Design: mult16

Instance type                           Instances     Instance(%)
-----------------------------------------------------------------
Combinational library cell instances:        1028           100.00
    - Buffer instances:                        (0)         ( 0.00)
    - Inverter instances:                     (37)         ( 3.60)
    - Other instances:                       (991)         (96.40)
Sequential library cell instances:              0            0.00
-----------------------------------------------------------------
Total instances:                             1028          100.00


Instance type                       Instance Area         Area(%)
-----------------------------------------------------------------
Combinational library cell area:          2898.00           100.00
    - Buffer cell area:                     (0.00)         ( 0.00)
    - Inverter cell area:                  (39.96)         ( 1.38)
    - Other cell area:                   (2858.04)         (98.62)
Sequential library cell area:                0.00            0.00
-----------------------------------------------------------------
Total library cell area:                  2898.00          100.00

Net area:                               undefined

Total area:                               2898.00
=================================================================

=================================================================
 Library                                Instances     Instance(%)
-----------------------------------------------------------------
 ics55_LLSC_H9CR_ff_cbest_1p32_125                 1028          100.00
=================================================================

===============================================================================
 Gate                   Type  Counts         Area        Area Sum  Library
-------------------------------------------------------------------------------
 AND2X0P5H9R             (C)      29         1.80           52.20  ics55_LLSC_H9CR_ff_cbest_1p32_125
 AND3X0P5H9R             (C)       3         2.52            7.56  ics55_LLSC_H9CR_ff_cbest_1p32_125
 AND4X0P5H9R             (C)      32         2.88           92.16  ics55_LLSC_H9CR_ff_cbest_1p32_125
 AO21X0P5H9R             (C)       3         2.88            8.64  ics55_LLSC_H9CR_ff_cbest_1p32_125
 AO22X0P5H9R             (C)       2         3.24            6.48  ics55_LLSC_H9CR_ff_cbest_1p32_125
 AOAI211X0P5H9R          (C)       4         3.96           15.84  ics55_LLSC_H9CR_ff_cbest_1p32_125
 AOI211X0P5H9R           (C)      13         2.52           32.76  ics55_LLSC_H9CR_ff_cbest_1p32_125
 AOI21BX0P5H9R           (C)       3         2.88            8.64  ics55_LLSC_H9CR_ff_cbest_1p32_125
 AOI21X0P5H9R            (C)      32         2.16           69.12  ics55_LLSC_H9CR_ff_cbest_1p32_125
 AOI221X0P5H9R           (C)       4         3.24           12.96  ics55_LLSC_H9CR_ff_cbest_1p32_125
 AOI222X0P5H9R           (C)       1         3.96            3.96  ics55_LLSC_H9CR_ff_cbest_1p32_125
 AOI22X0P5H9R            (C)      69         2.52          173.88  ics55_LLSC_H9CR_ff_cbest_1p32_125
 AOI2XB1X0P5H9R          (C)       9         2.88           25.92  ics55_LLSC_H9CR_ff_cbest_1p32_125
 AOI31X0P5H9R            (C)      13         2.52           32.76  ics55_LLSC_H9CR_ff_cbest_1p32_125
 AOI32X0P5H9R            (C)       1         2.88            2.88  ics55_LLSC_H9CR_ff_cbest_1p32_125
 CGENCONAX1H9R           (C)      64         2.88          184.32  ics55_LLSC_H9CR_ff_cbest_1p32_125
 CGENX1H9R               (C)      47         3.60          169.20  ics55_LLSC_H9CR_ff_cbest_1p32_125
 INVX0P5H9R              (C)      36         1.08           38.88  ics55_LLSC_H9CR_ff_cbest_1p32_125
 INVX1H9R                (C)       1         1.08            1.08  ics55_LLSC_H9CR_ff_cbest_1p32_125
 NAND2BX0P5H9R           (C)       7         2.16           15.12  ics55_LLSC_H9CR_ff_cbest_1p32_125
 NAND2X0P5H9R            (C)     147         1.44          211.68  ics55_LLSC_H9CR_ff_cbest_1p32_125
 NAND2XBX0P5H9R          (C)       3         2.16            6.48  ics55_LLSC_H9CR_ff_cbest_1p32_125
 NAND3BX0P5H9R           (C)       1         2.52            2.52  ics55_LLSC_H9CR_ff_cbest_1p32_125
 NAND3X0P5H9R            (C)       7         2.16           15.12  ics55_LLSC_H9CR_ff_cbest_1p32_125
 NAND3XXBX0P5H9R         (C)       1         2.52            2.52  ics55_LLSC_H9CR_ff_cbest_1p32_125
 NAND4X0P5H9R            (C)      24         2.52           60.48  ics55_LLSC_H9CR_ff_cbest_1p32_125
 NAND4XXXBX0P5H9R        (C)       2         2.88            5.76  ics55_LLSC_H9CR_ff_cbest_1p32_125
 NOR2BX0P5H9R            (C)      25         2.16           54.00  ics55_LLSC_H9CR_ff_cbest_1p32_125
 NOR2X0P5H9R             (C)      71         1.44          102.24  ics55_LLSC_H9CR_ff_cbest_1p32_125
 NOR2XBX0P5H9R           (C)      12         2.16           25.92  ics55_LLSC_H9CR_ff_cbest_1p32_125
 NOR3X0P5H9R             (C)       8         2.16           17.28  ics55_LLSC_H9CR_ff_cbest_1p32_125
 OA211X0P5H9R            (C)       2         3.24            6.48  ics55_LLSC_H9CR_ff_cbest_1p32_125
 OA21X0P5H9R             (C)       4         2.88           11.52  ics55_LLSC_H9CR_ff_cbest_1p32_125
 OA22X0P5H9R             (C)       1         3.24            3.24  ics55_LLSC_H9CR_ff_cbest_1p32_125
 OAI211X0P5H9R           (C)      10         2.52           25.20  ics55_LLSC_H9CR_ff_cbest_1p32_125
 OAI21BX0P5H9R           (C)      27         2.88           77.76  ics55_LLSC_H9CR_ff_cbest_1p32_125
 OAI21X0P5H9R            (C)      28         2.16           60.48  ics55_LLSC_H9CR_ff_cbest_1p32_125
 OAI221X0P5H9R           (C)       2         3.24            6.48  ics55_LLSC_H9CR_ff_cbest_1p32_125
 OAI22X0P5H9R            (C)      18         2.52           45.36  ics55_LLSC_H9CR_ff_cbest_1p32_125
 OAI2XB1X0P5H9R          (C)       4         2.52           10.08  ics55_LLSC_H9CR_ff_cbest_1p32_125
 OAI31X0P5H9R            (C)       1         2.52            2.52  ics55_LLSC_H9CR_ff_cbest_1p32_125
 OAOI211X0P5H9R          (C)       6         3.96           23.76  ics55_LLSC_H9CR_ff_cbest_1p32_125
 OR2X0P5H9R              (C)      10         1.80           18.00  ics55_LLSC_H9CR_ff_cbest_1p32_125
 OR3X0P5H9R              (C)       9         2.52           22.68  ics55_LLSC_H9CR_ff_cbest_1p32_125
 XNOR2X0P5H9R            (C)      64         3.24          207.36  ics55_LLSC_H9CR_ff_cbest_1p32_125
 XNOR3X0P5H9R            (C)      81         6.12          495.72  ics55_LLSC_H9CR_ff_cbest_1p32_125
 XOR2X0P5H9R             (C)      38         3.24          123.12  ics55_LLSC_H9CR_ff_cbest_1p32_125
 XOR3X0P5H9R             (C)      49         6.12          299.88  ics55_LLSC_H9CR_ff_cbest_1p32_125
===============================================================================

