

*******************************************************************************
* Report  : design                                                            *
* Command : analyze_design >                                                  *
*         : /headless/Desktop/digitial/digital_env/Mult16/report/design.rpt   *
* Design  : mult16                                                            *
* Version : 2506_4e37.rel                                                     *
* Date    : 6:52 PM, 12-Apr-26                                                *
*******************************************************************************


*******************************************************************************
* Operating condition (bc_wc)                                                 *
*******************************************************************************

Name                Library             Process   Temp. Voltage       Tree type
-------------------------------------------------------------------------------
ETSCA_N55_H9BR_ff_mos_Cbest_1.32_125 ics55_LLSC_H9CR_ff_cbest_1p32_125    1.00  125.00    1.32   balanced_tree


*******************************************************************************
* Design Rules                                                                *
*******************************************************************************

    max_capacitance           ---
    min_capacitance           ---
    max_fanout                ---
    max_transition           0.80
    min_transition           -inf
    max_area                  ---

*******************************************************************************
* Timing Ranges                                                               *
*******************************************************************************

    fastest_factor           ---
    slowest_factor           ---

*******************************************************************************
* Input delay                                                                 *
*******************************************************************************

                                   Maximal delay       Minimal delay
Port/pin                          Rise      Fall      Rise      Fall Clock
-------------------------------------------------------------------------------
a[15]                             6.00      6.00                     vclk
a[14]                             6.00      6.00                     vclk
a[13]                             6.00      6.00                     vclk
a[12]                             6.00      6.00                     vclk
a[11]                             6.00      6.00                     vclk
a[10]                             6.00      6.00                     vclk
a[9]                              6.00      6.00                     vclk
a[8]                              6.00      6.00                     vclk
a[7]                              6.00      6.00                     vclk
a[6]                              6.00      6.00                     vclk
a[5]                              6.00      6.00                     vclk
a[4]                              6.00      6.00                     vclk
a[3]                              6.00      6.00                     vclk
a[2]                              6.00      6.00                     vclk
a[1]                              6.00      6.00                     vclk
a[0]                              6.00      6.00                     vclk
b[15]                             6.00      6.00                     vclk
b[14]                             6.00      6.00                     vclk
b[13]                             6.00      6.00                     vclk
b[12]                             6.00      6.00                     vclk
b[11]                             6.00      6.00                     vclk
b[10]                             6.00      6.00                     vclk
b[9]                              6.00      6.00                     vclk
b[8]                              6.00      6.00                     vclk
b[7]                              6.00      6.00                     vclk
b[6]                              6.00      6.00                     vclk
b[5]                              6.00      6.00                     vclk
b[4]                              6.00      6.00                     vclk
b[3]                              6.00      6.00                     vclk
b[2]                              6.00      6.00                     vclk
b[1]                              6.00      6.00                     vclk
b[0]                              6.00      6.00                     vclk

*******************************************************************************
* Output delay                                                                *
*******************************************************************************

                                   Maximal delay       Minimal delay
Port/pin                          Rise      Fall      Rise      Fall Clock
-------------------------------------------------------------------------------
result[31]                        6.00      6.00                     vclk
result[30]                        6.00      6.00                     vclk
result[29]                        6.00      6.00                     vclk
result[28]                        6.00      6.00                     vclk
result[27]                        6.00      6.00                     vclk
result[26]                        6.00      6.00                     vclk
result[25]                        6.00      6.00                     vclk
result[24]                        6.00      6.00                     vclk
result[23]                        6.00      6.00                     vclk
result[22]                        6.00      6.00                     vclk
result[21]                        6.00      6.00                     vclk
result[20]                        6.00      6.00                     vclk
result[19]                        6.00      6.00                     vclk
result[18]                        6.00      6.00                     vclk
result[17]                        6.00      6.00                     vclk
result[16]                        6.00      6.00                     vclk
result[15]                        6.00      6.00                     vclk
result[14]                        6.00      6.00                     vclk
result[13]                        6.00      6.00                     vclk
result[12]                        6.00      6.00                     vclk
result[11]                        6.00      6.00                     vclk
result[10]                        6.00      6.00                     vclk
result[9]                         6.00      6.00                     vclk
result[8]                         6.00      6.00                     vclk
result[7]                         6.00      6.00                     vclk
result[6]                         6.00      6.00                     vclk
result[5]                         6.00      6.00                     vclk
result[4]                         6.00      6.00                     vclk
result[3]                         6.00      6.00                     vclk
result[2]                         6.00      6.00                     vclk
result[1]                         6.00      6.00                     vclk
result[0]                         6.00      6.00                     vclk

*******************************************************************************
* Disabled timing arcs                                                        *
*******************************************************************************

No disabled pin.

No disabled instance.

No disabled from-to pin pair.

