

*******************************************************************************
* Report  : Area                                                              *
* Command : analyze_area > /headless/Desktop/data/mac16_try_2/report/area.rpt  *
* Design  : mac16                                                             *
* Version : 2506_4e37.rel                                                     *
* Date    : 3:21 PM, 17-Apr-26                                                *
*******************************************************************************
*******************************************************************************
* Legend :                                                                    *
* (M): subdesign                                                              *
* (B): black_box                                                              *
* (C): combinational cell                                                     *
* (S): sequential cell                                                        *
*******************************************************************************


=================================================================
Design: mac16

Instance type                           Instances     Instance(%)
-----------------------------------------------------------------
Combinational library cell instances:        2200           74.98
    - Buffer instances:                       (32)         ( 1.09)
    - Inverter instances:                    (465)         (15.85)
    - Other instances:                      (1703)         (58.04)
Sequential library cell instances:            734           25.02
-----------------------------------------------------------------
Total instances:                             2934          100.00


Instance type                       Instance Area         Area(%)
-----------------------------------------------------------------
Combinational library cell area:          5616.36           42.06
    - Buffer cell area:                    (72.00)         ( 0.54)
    - Inverter cell area:                 (624.60)         ( 4.68)
    - Other cell area:                   (4919.76)         (36.85)
Sequential library cell area:             7735.32           57.94
-----------------------------------------------------------------
Total library cell area:                 13351.68          100.00

Net area:                               undefined

Total area:                              13351.68
=================================================================

=================================================================
 Library                                Instances     Instance(%)
-----------------------------------------------------------------
 ics55_LLSC_H9CR_ss_rcworst_1p08_125                 2934          100.00
=================================================================

===============================================================================
 Gate                   Type  Counts         Area        Area Sum  Library
-------------------------------------------------------------------------------
 AND2X0P5H9R             (C)      17         1.80           30.60  ics55_LLSC_H9CR_ss_rcworst_1p08_125
 AND2X0P7H9R             (C)       1         1.80            1.80  ics55_LLSC_H9CR_ss_rcworst_1p08_125
 AND2X1H9R               (C)      10         1.80           18.00  ics55_LLSC_H9CR_ss_rcworst_1p08_125
 AND2X2H9R               (C)       1         2.52            2.52  ics55_LLSC_H9CR_ss_rcworst_1p08_125
 AND2X3H9R               (C)       2         3.96            7.92  ics55_LLSC_H9CR_ss_rcworst_1p08_125
 AND3X0P5H9R             (C)       2         2.52            5.04  ics55_LLSC_H9CR_ss_rcworst_1p08_125
 AND3X1H9R               (C)       1         2.52            2.52  ics55_LLSC_H9CR_ss_rcworst_1p08_125
 AND4X0P5H9R             (C)       6         2.88           17.28  ics55_LLSC_H9CR_ss_rcworst_1p08_125
 AO211X1H9R              (C)       1         4.68            4.68  ics55_LLSC_H9CR_ss_rcworst_1p08_125
 AO211X4H9R              (C)       1         5.04            5.04  ics55_LLSC_H9CR_ss_rcworst_1p08_125
 AO21X0P5H9R             (C)       4         2.88           11.52  ics55_LLSC_H9CR_ss_rcworst_1p08_125
 AO21X1H9R               (C)       2         2.88            5.76  ics55_LLSC_H9CR_ss_rcworst_1p08_125
 AO22X0P5H9R             (C)      38         3.24          123.12  ics55_LLSC_H9CR_ss_rcworst_1p08_125
 AO22X1H9R               (C)       2         3.24            6.48  ics55_LLSC_H9CR_ss_rcworst_1p08_125
 AOA211X2H9R             (C)       1         4.68            4.68  ics55_LLSC_H9CR_ss_rcworst_1p08_125
 AOA211X4H9R             (C)       2         5.04           10.08  ics55_LLSC_H9CR_ss_rcworst_1p08_125
 AOAI211X1H9R            (C)       1         3.96            3.96  ics55_LLSC_H9CR_ss_rcworst_1p08_125
 AOAI211X4H9R            (C)       9         5.76           51.84  ics55_LLSC_H9CR_ss_rcworst_1p08_125
 AOI211X0P5H9R           (C)       8         2.52           20.16  ics55_LLSC_H9CR_ss_rcworst_1p08_125
 AOI211X1H9R             (C)       2         2.52            5.04  ics55_LLSC_H9CR_ss_rcworst_1p08_125
 AOI211X1P4H9R           (C)       1         3.96            3.96  ics55_LLSC_H9CR_ss_rcworst_1p08_125
 AOI211X4H9R             (C)       1         7.56            7.56  ics55_LLSC_H9CR_ss_rcworst_1p08_125
 AOI21BX0P5H9R           (C)       1         2.88            2.88  ics55_LLSC_H9CR_ss_rcworst_1p08_125
 AOI21BX1H9R             (C)       3         2.88            8.64  ics55_LLSC_H9CR_ss_rcworst_1p08_125
 AOI21X0P5H9R            (C)      24         2.16           51.84  ics55_LLSC_H9CR_ss_rcworst_1p08_125
 AOI21X0P7H9R            (C)       3         2.16            6.48  ics55_LLSC_H9CR_ss_rcworst_1p08_125
 AOI21X1H9R              (C)      10         2.16           21.60  ics55_LLSC_H9CR_ss_rcworst_1p08_125
 AOI21X1P4H9R            (C)       1         3.60            3.60  ics55_LLSC_H9CR_ss_rcworst_1p08_125
 AOI21X2H9R              (C)       6         3.60           21.60  ics55_LLSC_H9CR_ss_rcworst_1p08_125
 AOI221X0P5H9R           (C)       1         3.24            3.24  ics55_LLSC_H9CR_ss_rcworst_1p08_125
 AOI221X1H9R             (C)      32         3.24          103.68  ics55_LLSC_H9CR_ss_rcworst_1p08_125
 AOI221X2H9R             (C)       1         5.76            5.76  ics55_LLSC_H9CR_ss_rcworst_1p08_125
 AOI221X3H9R             (C)       2         7.92           15.84  ics55_LLSC_H9CR_ss_rcworst_1p08_125
 AOI221X4H9R             (C)       2        10.44           20.88  ics55_LLSC_H9CR_ss_rcworst_1p08_125
 AOI222X3H9R             (C)       1         9.36            9.36  ics55_LLSC_H9CR_ss_rcworst_1p08_125
 AOI22X0P5H9R            (C)      18         2.52           45.36  ics55_LLSC_H9CR_ss_rcworst_1p08_125
 AOI22X0P7H9R            (C)       1         2.52            2.52  ics55_LLSC_H9CR_ss_rcworst_1p08_125
 AOI22X1H9R              (C)      25         2.52           63.00  ics55_LLSC_H9CR_ss_rcworst_1p08_125
 AOI22X3H9R              (C)       1         6.12            6.12  ics55_LLSC_H9CR_ss_rcworst_1p08_125
 AOI2BB2X4H9R            (C)       1         6.12            6.12  ics55_LLSC_H9CR_ss_rcworst_1p08_125
 AOI2XB1X0P5H9R          (C)       2         2.88            5.76  ics55_LLSC_H9CR_ss_rcworst_1p08_125
 AOI2XB1X2H9R            (C)       3         4.32           12.96  ics55_LLSC_H9CR_ss_rcworst_1p08_125
 AOI31X0P5H9R            (C)       6         2.52           15.12  ics55_LLSC_H9CR_ss_rcworst_1p08_125
 AOI31X0P7H9R            (C)       1         2.52            2.52  ics55_LLSC_H9CR_ss_rcworst_1p08_125
 AOI31X1H9R              (C)       9         2.52           22.68  ics55_LLSC_H9CR_ss_rcworst_1p08_125
 AOI31X2H9R              (C)       1         4.32            4.32  ics55_LLSC_H9CR_ss_rcworst_1p08_125
 AOI31X4H9R              (C)       1         8.28            8.28  ics55_LLSC_H9CR_ss_rcworst_1p08_125
 AOI32X0P5H9R            (C)       3         2.88            8.64  ics55_LLSC_H9CR_ss_rcworst_1p08_125
 AOI32X1H9R              (C)       5         2.88           14.40  ics55_LLSC_H9CR_ss_rcworst_1p08_125
 AOI32X2H9R              (C)       1         5.40            5.40  ics55_LLSC_H9CR_ss_rcworst_1p08_125
 AOI33X2H9R              (C)       2         4.68            9.36  ics55_LLSC_H9CR_ss_rcworst_1p08_125
 BUFX0P7H9R              (C)       1         1.44            1.44  ics55_LLSC_H9CR_ss_rcworst_1p08_125
 BUFX16H9R               (C)       1        12.96           12.96  ics55_LLSC_H9CR_ss_rcworst_1p08_125
 BUFX1H9R                (C)      18         1.44           25.92  ics55_LLSC_H9CR_ss_rcworst_1p08_125
 BUFX1P4H9R              (C)       3         2.16            6.48  ics55_LLSC_H9CR_ss_rcworst_1p08_125
 BUFX1P7H9R              (C)       3         2.52            7.56  ics55_LLSC_H9CR_ss_rcworst_1p08_125
 BUFX2H9R                (C)       2         2.52            5.04  ics55_LLSC_H9CR_ss_rcworst_1p08_125
 BUFX3H9R                (C)       3         2.88            8.64  ics55_LLSC_H9CR_ss_rcworst_1p08_125
 BUFX4H9R                (C)       1         3.96            3.96  ics55_LLSC_H9CR_ss_rcworst_1p08_125
 CGENCONAX1H9R           (C)      12         2.88           34.56  ics55_LLSC_H9CR_ss_rcworst_1p08_125
 CGENCONAX2H9R           (C)       2         5.40           10.80  ics55_LLSC_H9CR_ss_rcworst_1p08_125
 CGENX1H9R               (C)       7         3.60           25.20  ics55_LLSC_H9CR_ss_rcworst_1p08_125
 CGENX2H9R               (C)       2         3.96            7.92  ics55_LLSC_H9CR_ss_rcworst_1p08_125
 DFFRQX1H9R              (S)      18        10.44          187.92  ics55_LLSC_H9CR_ss_rcworst_1p08_125
 DFFRQX2H9R              (S)      55        10.44          574.20  ics55_LLSC_H9CR_ss_rcworst_1p08_125
 DFFRQX4H9R              (S)      28        12.60          352.80  ics55_LLSC_H9CR_ss_rcworst_1p08_125
 DFFRX1H9R               (S)      44        10.80          475.20  ics55_LLSC_H9CR_ss_rcworst_1p08_125
 DFFRX2H9R               (S)     470        10.80         5076.00  ics55_LLSC_H9CR_ss_rcworst_1p08_125
 DFFRX4H9R               (S)       9        13.68          123.12  ics55_LLSC_H9CR_ss_rcworst_1p08_125
 DFFSQNX1H9R             (S)      77         8.28          637.56  ics55_LLSC_H9CR_ss_rcworst_1p08_125
 DFFSQNX2H9R             (S)       1         8.64            8.64  ics55_LLSC_H9CR_ss_rcworst_1p08_125
 DFFSQNX3H9R             (S)      28         9.36          262.08  ics55_LLSC_H9CR_ss_rcworst_1p08_125
 DFFSQX0P5H9R            (S)       2         9.00           18.00  ics55_LLSC_H9CR_ss_rcworst_1p08_125
 DFFSQX1H9R              (S)       1         9.00            9.00  ics55_LLSC_H9CR_ss_rcworst_1p08_125
 DFFSX1H9R               (S)       1        10.80           10.80  ics55_LLSC_H9CR_ss_rcworst_1p08_125
 INVX0P5H9R              (C)      23         1.08           24.84  ics55_LLSC_H9CR_ss_rcworst_1p08_125
 INVX0P7H9R              (C)       2         1.08            2.16  ics55_LLSC_H9CR_ss_rcworst_1p08_125
 INVX11H9R               (C)       3         5.76           17.28  ics55_LLSC_H9CR_ss_rcworst_1p08_125
 INVX13H9R               (C)       1         6.84            6.84  ics55_LLSC_H9CR_ss_rcworst_1p08_125
 INVX16H9R               (C)       7         8.28           57.96  ics55_LLSC_H9CR_ss_rcworst_1p08_125
 INVX1H9R                (C)     386         1.08          416.88  ics55_LLSC_H9CR_ss_rcworst_1p08_125
 INVX1P4H9R              (C)       2         1.44            2.88  ics55_LLSC_H9CR_ss_rcworst_1p08_125
 INVX2H9R                (C)      15         1.44           21.60  ics55_LLSC_H9CR_ss_rcworst_1p08_125
 INVX2P5H9R              (C)       1         2.16            2.16  ics55_LLSC_H9CR_ss_rcworst_1p08_125
 INVX3H9R                (C)       9         2.16           19.44  ics55_LLSC_H9CR_ss_rcworst_1p08_125
 INVX4H9R                (C)       5         2.52           12.60  ics55_LLSC_H9CR_ss_rcworst_1p08_125
 INVX5H9R                (C)       4         2.88           11.52  ics55_LLSC_H9CR_ss_rcworst_1p08_125
 INVX6H9R                (C)       3         3.60           10.80  ics55_LLSC_H9CR_ss_rcworst_1p08_125
 INVX7P5H9R              (C)       3         4.32           12.96  ics55_LLSC_H9CR_ss_rcworst_1p08_125
 INVX9H9R                (C)       1         4.68            4.68  ics55_LLSC_H9CR_ss_rcworst_1p08_125
 MUXIT2X0P5H9R           (C)     452         3.24         1464.48  ics55_LLSC_H9CR_ss_rcworst_1p08_125
 MUXIT2X0P7H9R           (C)       1         3.60            3.60  ics55_LLSC_H9CR_ss_rcworst_1p08_125
 MUXIT2X1H9R             (C)      10         3.60           36.00  ics55_LLSC_H9CR_ss_rcworst_1p08_125
 MUXIT2X1P4H9R           (C)       1         6.48            6.48  ics55_LLSC_H9CR_ss_rcworst_1p08_125
 MUXIT2X2H9R             (C)       2         6.48           12.96  ics55_LLSC_H9CR_ss_rcworst_1p08_125
 MUXIT2X3H9R             (C)       2         7.56           15.12  ics55_LLSC_H9CR_ss_rcworst_1p08_125
 MUXIT4X0P5H9R           (C)       1         9.00            9.00  ics55_LLSC_H9CR_ss_rcworst_1p08_125
 MUXIT4X2H9R             (C)       3        11.52           34.56  ics55_LLSC_H9CR_ss_rcworst_1p08_125
 MUXT2X0P7H9R            (C)       2         3.60            7.20  ics55_LLSC_H9CR_ss_rcworst_1p08_125
 MUXT2X1P4H9R            (C)       1         5.04            5.04  ics55_LLSC_H9CR_ss_rcworst_1p08_125
 MUXT4X3H9R              (C)       1        17.64           17.64  ics55_LLSC_H9CR_ss_rcworst_1p08_125
 NAND2BX0P5H9R           (C)       2         2.16            4.32  ics55_LLSC_H9CR_ss_rcworst_1p08_125
 NAND2BX0P7H9R           (C)       3         2.16            6.48  ics55_LLSC_H9CR_ss_rcworst_1p08_125
 NAND2BX1H9R             (C)       7         2.16           15.12  ics55_LLSC_H9CR_ss_rcworst_1p08_125
 NAND2BX2H9R             (C)       4         2.88           11.52  ics55_LLSC_H9CR_ss_rcworst_1p08_125
 NAND2BX4H9R             (C)       1         4.68            4.68  ics55_LLSC_H9CR_ss_rcworst_1p08_125
 NAND2X0P5H9R            (C)      68         1.44           97.92  ics55_LLSC_H9CR_ss_rcworst_1p08_125
 NAND2X0P7H9R            (C)      18         1.44           25.92  ics55_LLSC_H9CR_ss_rcworst_1p08_125
 NAND2X1H9R              (C)      69         1.44           99.36  ics55_LLSC_H9CR_ss_rcworst_1p08_125
 NAND2X1P4H9R            (C)       1         2.16            2.16  ics55_LLSC_H9CR_ss_rcworst_1p08_125
 NAND2X2H9R              (C)       3         2.52            7.56  ics55_LLSC_H9CR_ss_rcworst_1p08_125
 NAND2XBX0P5H9R          (C)       1         2.16            2.16  ics55_LLSC_H9CR_ss_rcworst_1p08_125
 NAND2XBX1H9R            (C)       3         2.16            6.48  ics55_LLSC_H9CR_ss_rcworst_1p08_125
 NAND2XBX2H9R            (C)       1         2.88            2.88  ics55_LLSC_H9CR_ss_rcworst_1p08_125
 NAND2XBX3H9R            (C)       2         3.96            7.92  ics55_LLSC_H9CR_ss_rcworst_1p08_125
 NAND3BX1H9R             (C)       5         2.52           12.60  ics55_LLSC_H9CR_ss_rcworst_1p08_125
 NAND3BX2H9R             (C)       6         3.96           23.76  ics55_LLSC_H9CR_ss_rcworst_1p08_125
 NAND3BX3H9R             (C)       2         5.04           10.08  ics55_LLSC_H9CR_ss_rcworst_1p08_125
 NAND3X0P5H9R            (C)      10         2.16           21.60  ics55_LLSC_H9CR_ss_rcworst_1p08_125
 NAND3X0P7H9R            (C)       1         2.16            2.16  ics55_LLSC_H9CR_ss_rcworst_1p08_125
 NAND3X1H9R              (C)       9         2.16           19.44  ics55_LLSC_H9CR_ss_rcworst_1p08_125
 NAND3X2H9R              (C)       7         3.24           22.68  ics55_LLSC_H9CR_ss_rcworst_1p08_125
 NAND3XXBX1H9R           (C)       1         2.52            2.52  ics55_LLSC_H9CR_ss_rcworst_1p08_125
 NAND3XXBX1P4H9R         (C)       1         3.60            3.60  ics55_LLSC_H9CR_ss_rcworst_1p08_125
 NAND3XXBX2H9R           (C)       1         3.96            3.96  ics55_LLSC_H9CR_ss_rcworst_1p08_125
 NAND3XXBX3H9R           (C)       1         5.04            5.04  ics55_LLSC_H9CR_ss_rcworst_1p08_125
 NAND4X0P5H9R            (C)       2         2.52            5.04  ics55_LLSC_H9CR_ss_rcworst_1p08_125
 NAND4X1H9R              (C)       4         2.52           10.08  ics55_LLSC_H9CR_ss_rcworst_1p08_125
 NAND4X1P4H9R            (C)       1         3.60            3.60  ics55_LLSC_H9CR_ss_rcworst_1p08_125
 NAND4X2H9R              (C)       2         3.96            7.92  ics55_LLSC_H9CR_ss_rcworst_1p08_125
 NAND4XXXBX1H9R          (C)       1         2.88            2.88  ics55_LLSC_H9CR_ss_rcworst_1p08_125
 NOR2BX0P5H9R            (C)       1         2.16            2.16  ics55_LLSC_H9CR_ss_rcworst_1p08_125
 NOR2BX0P7H9R            (C)       2         2.16            4.32  ics55_LLSC_H9CR_ss_rcworst_1p08_125
 NOR2BX1H9R              (C)       4         2.16            8.64  ics55_LLSC_H9CR_ss_rcworst_1p08_125
 NOR2BX1P4H9R            (C)       1         2.88            2.88  ics55_LLSC_H9CR_ss_rcworst_1p08_125
 NOR2BX2H9R              (C)       3         2.88            8.64  ics55_LLSC_H9CR_ss_rcworst_1p08_125
 NOR2BX3H9R              (C)       1         3.60            3.60  ics55_LLSC_H9CR_ss_rcworst_1p08_125
 NOR2BX4H9R              (C)       1         4.32            4.32  ics55_LLSC_H9CR_ss_rcworst_1p08_125
 NOR2BX6H9R              (C)       1         6.84            6.84  ics55_LLSC_H9CR_ss_rcworst_1p08_125
 NOR2X0P5H9R             (C)      94         1.44          135.36  ics55_LLSC_H9CR_ss_rcworst_1p08_125
 NOR2X0P7H9R             (C)       2         1.44            2.88  ics55_LLSC_H9CR_ss_rcworst_1p08_125
 NOR2X1H9R               (C)      58         1.44           83.52  ics55_LLSC_H9CR_ss_rcworst_1p08_125
 NOR2X1P4H9R             (C)       7         2.16           15.12  ics55_LLSC_H9CR_ss_rcworst_1p08_125
 NOR2X2H9R               (C)      12         2.52           30.24  ics55_LLSC_H9CR_ss_rcworst_1p08_125
 NOR2X3H9R               (C)       2         3.24            6.48  ics55_LLSC_H9CR_ss_rcworst_1p08_125
 NOR2X4H9R               (C)       2         3.96            7.92  ics55_LLSC_H9CR_ss_rcworst_1p08_125
 NOR2XBX0P5H9R           (C)       2         2.16            4.32  ics55_LLSC_H9CR_ss_rcworst_1p08_125
 NOR2XBX1H9R             (C)       2         2.16            4.32  ics55_LLSC_H9CR_ss_rcworst_1p08_125
 NOR2XBX2H9R             (C)       1         2.88            2.88  ics55_LLSC_H9CR_ss_rcworst_1p08_125
 NOR2XBX3H9R             (C)       2         3.60            7.20  ics55_LLSC_H9CR_ss_rcworst_1p08_125
 NOR3X0P5H9R             (C)       7         2.16           15.12  ics55_LLSC_H9CR_ss_rcworst_1p08_125
 NOR3X1H9R               (C)       6         2.16           12.96  ics55_LLSC_H9CR_ss_rcworst_1p08_125
 NOR3X2H9R               (C)       2         3.24            6.48  ics55_LLSC_H9CR_ss_rcworst_1p08_125
 OA211X0P5H9R            (C)       1         3.24            3.24  ics55_LLSC_H9CR_ss_rcworst_1p08_125
 OA211X3H9R              (C)       1         7.56            7.56  ics55_LLSC_H9CR_ss_rcworst_1p08_125
 OA21X0P5H9R             (C)       3         2.88            8.64  ics55_LLSC_H9CR_ss_rcworst_1p08_125
 OA21X1H9R               (C)       2         2.88            5.76  ics55_LLSC_H9CR_ss_rcworst_1p08_125
 OA21X2H9R               (C)       1         4.68            4.68  ics55_LLSC_H9CR_ss_rcworst_1p08_125
 OA22X1H9R               (C)       1         3.24            3.24  ics55_LLSC_H9CR_ss_rcworst_1p08_125
 OAI211X0P5H9R           (C)      14         2.52           35.28  ics55_LLSC_H9CR_ss_rcworst_1p08_125
 OAI211X1H9R             (C)      25         2.52           63.00  ics55_LLSC_H9CR_ss_rcworst_1p08_125
 OAI211X1P4H9R           (C)       1         3.96            3.96  ics55_LLSC_H9CR_ss_rcworst_1p08_125
 OAI211X2H9R             (C)       6         4.32           25.92  ics55_LLSC_H9CR_ss_rcworst_1p08_125
 OAI211X3H9R             (C)       3         6.12           18.36  ics55_LLSC_H9CR_ss_rcworst_1p08_125
 OAI211X4H9R             (C)       1         7.56            7.56  ics55_LLSC_H9CR_ss_rcworst_1p08_125
 OAI21BX0P5H9R           (C)       5         2.88           14.40  ics55_LLSC_H9CR_ss_rcworst_1p08_125
 OAI21X0P5H9R            (C)      16         2.16           34.56  ics55_LLSC_H9CR_ss_rcworst_1p08_125
 OAI21X0P7H9R            (C)       7         2.16           15.12  ics55_LLSC_H9CR_ss_rcworst_1p08_125
 OAI21X1H9R              (C)      15         2.16           32.40  ics55_LLSC_H9CR_ss_rcworst_1p08_125
 OAI21X1P4H9R            (C)       1         3.24            3.24  ics55_LLSC_H9CR_ss_rcworst_1p08_125
 OAI21X2H9R              (C)       8         3.60           28.80  ics55_LLSC_H9CR_ss_rcworst_1p08_125
 OAI21X3H9R              (C)       2         4.68            9.36  ics55_LLSC_H9CR_ss_rcworst_1p08_125
 OAI21X6H9R              (C)       1         8.28            8.28  ics55_LLSC_H9CR_ss_rcworst_1p08_125
 OAI221X0P5H9R           (C)       2         3.24            6.48  ics55_LLSC_H9CR_ss_rcworst_1p08_125
 OAI221X1H9R             (C)       1         3.24            3.24  ics55_LLSC_H9CR_ss_rcworst_1p08_125
 OAI221X2H9R             (C)       1         5.76            5.76  ics55_LLSC_H9CR_ss_rcworst_1p08_125
 OAI222X0P5H9R           (C)      36         3.96          142.56  ics55_LLSC_H9CR_ss_rcworst_1p08_125
 OAI222X0P7H9R           (C)      24         3.96           95.04  ics55_LLSC_H9CR_ss_rcworst_1p08_125
 OAI222X1H9R             (C)       7         3.96           27.72  ics55_LLSC_H9CR_ss_rcworst_1p08_125
 OAI22X0P5H9R            (C)      89         2.52          224.28  ics55_LLSC_H9CR_ss_rcworst_1p08_125
 OAI22X0P7H9R            (C)       4         2.52           10.08  ics55_LLSC_H9CR_ss_rcworst_1p08_125
 OAI22X1H9R              (C)       7         2.52           17.64  ics55_LLSC_H9CR_ss_rcworst_1p08_125
 OAI22X1P4H9R            (C)       1         3.96            3.96  ics55_LLSC_H9CR_ss_rcworst_1p08_125
 OAI22X2H9R              (C)       4         4.32           17.28  ics55_LLSC_H9CR_ss_rcworst_1p08_125
 OAI22X3H9R              (C)       3         6.12           18.36  ics55_LLSC_H9CR_ss_rcworst_1p08_125
 OAI2XB1X0P5H9R          (C)      18         2.52           45.36  ics55_LLSC_H9CR_ss_rcworst_1p08_125
 OAI2XB1X1H9R            (C)       3         2.88            8.64  ics55_LLSC_H9CR_ss_rcworst_1p08_125
 OAI2XB1X2H9R            (C)       5         4.32           21.60  ics55_LLSC_H9CR_ss_rcworst_1p08_125
 OAI2XB1X3H9R            (C)       5         5.76           28.80  ics55_LLSC_H9CR_ss_rcworst_1p08_125
 OAI2XB1X4H9R            (C)       1         7.56            7.56  ics55_LLSC_H9CR_ss_rcworst_1p08_125
 OAI2XB1X6H9R            (C)       1         9.36            9.36  ics55_LLSC_H9CR_ss_rcworst_1p08_125
 OAI31X0P5H9R            (C)       5         2.52           12.60  ics55_LLSC_H9CR_ss_rcworst_1p08_125
 OAI31X0P7H9R            (C)       1         2.52            2.52  ics55_LLSC_H9CR_ss_rcworst_1p08_125
 OAI31X1H9R              (C)      38         2.52           95.76  ics55_LLSC_H9CR_ss_rcworst_1p08_125
 OAI31X1P4H9R            (C)       2         3.96            7.92  ics55_LLSC_H9CR_ss_rcworst_1p08_125
 OAI31X2H9R              (C)       1         4.32            4.32  ics55_LLSC_H9CR_ss_rcworst_1p08_125
 OAI32X0P5H9R            (C)       1         4.32            4.32  ics55_LLSC_H9CR_ss_rcworst_1p08_125
 OAI32X2H9R              (C)       2         4.32            8.64  ics55_LLSC_H9CR_ss_rcworst_1p08_125
 OAI33X2H9R              (C)       1         4.68            4.68  ics55_LLSC_H9CR_ss_rcworst_1p08_125
 OAO211X4H9R             (C)       4         5.04           20.16  ics55_LLSC_H9CR_ss_rcworst_1p08_125
 OAOI211X0P5H9R          (C)       1         3.96            3.96  ics55_LLSC_H9CR_ss_rcworst_1p08_125
 OAOI211X2H9R            (C)       2         3.96            7.92  ics55_LLSC_H9CR_ss_rcworst_1p08_125
 OAOI211X4H9R            (C)      12         5.76           69.12  ics55_LLSC_H9CR_ss_rcworst_1p08_125
 OR2X0P5H9R              (C)      21         1.80           37.80  ics55_LLSC_H9CR_ss_rcworst_1p08_125
 OR2X0P7H9R              (C)       3         2.16            6.48  ics55_LLSC_H9CR_ss_rcworst_1p08_125
 OR2X1H9R                (C)       2         2.16            4.32  ics55_LLSC_H9CR_ss_rcworst_1p08_125
 OR2X1P4H9R              (C)       1         2.52            2.52  ics55_LLSC_H9CR_ss_rcworst_1p08_125
 OR2X2H9R                (C)       1         3.24            3.24  ics55_LLSC_H9CR_ss_rcworst_1p08_125
 OR2X3H9R                (C)       1         3.60            3.60  ics55_LLSC_H9CR_ss_rcworst_1p08_125
 OR3X0P5H9R              (C)       1         2.52            2.52  ics55_LLSC_H9CR_ss_rcworst_1p08_125
 OR3X1P4H9R              (C)       1         3.96            3.96  ics55_LLSC_H9CR_ss_rcworst_1p08_125
 XNOR2X0P5H9R            (C)      13         3.24           42.12  ics55_LLSC_H9CR_ss_rcworst_1p08_125
 XNOR2X0P7H9R            (C)       3         3.24            9.72  ics55_LLSC_H9CR_ss_rcworst_1p08_125
 XNOR2X1H9R              (C)       2         3.60            7.20  ics55_LLSC_H9CR_ss_rcworst_1p08_125
 XNOR3X0P5H9R            (C)      11         6.12           67.32  ics55_LLSC_H9CR_ss_rcworst_1p08_125
 XOR2X0P5H9R             (C)       6         3.24           19.44  ics55_LLSC_H9CR_ss_rcworst_1p08_125
 XOR2X0P7H9R             (C)       3         3.24            9.72  ics55_LLSC_H9CR_ss_rcworst_1p08_125
 XOR3X0P5H9R             (C)       9         6.12           55.08  ics55_LLSC_H9CR_ss_rcworst_1p08_125
===============================================================================

