

*******************************************************************************
* Report  : Area                                                              *
* Command : analyze_area > /headless/Desktop/data/syn_try/report/area.rpt     *
* Design  : mac16                                                             *
* Version : 2506_4e37.rel                                                     *
* Date    : 2:34 PM, 13-Apr-26                                                *
*******************************************************************************
*******************************************************************************
* Legend :                                                                    *
* (M): subdesign                                                              *
* (B): black_box                                                              *
* (C): combinational cell                                                     *
* (S): sequential cell                                                        *
*******************************************************************************


=================================================================
Design: mac16

Instance type                           Instances     Instance(%)
-----------------------------------------------------------------
Combinational library cell instances:        1264           79.95
    - Buffer instances:                       (56)         ( 3.54)
    - Inverter instances:                    (164)         (10.37)
    - Other instances:                      (1044)         (66.03)
Sequential library cell instances:            317           20.05
-----------------------------------------------------------------
Total instances:                             1581          100.00


Instance type                       Instance Area         Area(%)
-----------------------------------------------------------------
Combinational library cell area:          3637.44           52.19
    - Buffer cell area:                   (126.00)         ( 1.81)
    - Inverter cell area:                 (205.20)         ( 2.94)
    - Other cell area:                   (3306.24)         (47.44)
Sequential library cell area:             3331.80           47.81
-----------------------------------------------------------------
Total library cell area:                  6969.24          100.00

Net area:                               undefined

Total area:                               6969.24
=================================================================

=================================================================
 Library                                Instances     Instance(%)
-----------------------------------------------------------------
 ics55_LLSC_H9CR_ff_cbest_1p32_125                 1581          100.00
=================================================================

===============================================================================
 Gate                   Type  Counts         Area        Area Sum  Library
-------------------------------------------------------------------------------
 AND2X0P5H9R             (C)      19         1.80           34.20  ics55_LLSC_H9CR_ff_cbest_1p32_125
 AND2X1H9R               (C)      12         1.80           21.60  ics55_LLSC_H9CR_ff_cbest_1p32_125
 AND2X2H9R               (C)       3         2.52            7.56  ics55_LLSC_H9CR_ff_cbest_1p32_125
 AND2X3H9R               (C)       1         3.96            3.96  ics55_LLSC_H9CR_ff_cbest_1p32_125
 AND3X0P5H9R             (C)       1         2.52            2.52  ics55_LLSC_H9CR_ff_cbest_1p32_125
 AND3X1H9R               (C)       3         2.52            7.56  ics55_LLSC_H9CR_ff_cbest_1p32_125
 AND4X0P5H9R             (C)       1         2.88            2.88  ics55_LLSC_H9CR_ff_cbest_1p32_125
 AND4X1H9R               (C)       1         4.68            4.68  ics55_LLSC_H9CR_ff_cbest_1p32_125
 AND4X1P4H9R             (C)       1         6.12            6.12  ics55_LLSC_H9CR_ff_cbest_1p32_125
 AND4X2H9R               (C)       2         6.48           12.96  ics55_LLSC_H9CR_ff_cbest_1p32_125
 AND4X4H9R               (C)       3        11.88           35.64  ics55_LLSC_H9CR_ff_cbest_1p32_125
 AO211X1H9R              (C)       1         4.68            4.68  ics55_LLSC_H9CR_ff_cbest_1p32_125
 AO211X4H9R              (C)       4         5.04           20.16  ics55_LLSC_H9CR_ff_cbest_1p32_125
 AO21X0P5H9R             (C)      20         2.88           57.60  ics55_LLSC_H9CR_ff_cbest_1p32_125
 AO21X1H9R               (C)       3         2.88            8.64  ics55_LLSC_H9CR_ff_cbest_1p32_125
 AO21X3H9R               (C)       1         6.84            6.84  ics55_LLSC_H9CR_ff_cbest_1p32_125
 AO21X4H9R               (C)       2         7.20           14.40  ics55_LLSC_H9CR_ff_cbest_1p32_125
 AO221X0P5H9R            (C)       1         5.04            5.04  ics55_LLSC_H9CR_ff_cbest_1p32_125
 AO221X4H9R              (C)       3         5.76           17.28  ics55_LLSC_H9CR_ff_cbest_1p32_125
 AO22X0P5H9R             (C)      64         3.24          207.36  ics55_LLSC_H9CR_ff_cbest_1p32_125
 AO22X1H9R               (C)       1         3.24            3.24  ics55_LLSC_H9CR_ff_cbest_1p32_125
 AO22X1P4H9R             (C)       2         5.76           11.52  ics55_LLSC_H9CR_ff_cbest_1p32_125
 AO22X2H9R               (C)       8         5.76           46.08  ics55_LLSC_H9CR_ff_cbest_1p32_125
 AO22X3H9R               (C)       1         7.92            7.92  ics55_LLSC_H9CR_ff_cbest_1p32_125
 AO22X4H9R               (C)       1        10.44           10.44  ics55_LLSC_H9CR_ff_cbest_1p32_125
 AO31X2H9R               (C)       2         4.32            8.64  ics55_LLSC_H9CR_ff_cbest_1p32_125
 AO31X4H9R               (C)       1         4.68            4.68  ics55_LLSC_H9CR_ff_cbest_1p32_125
 AOA211X4H9R             (C)       3         5.04           15.12  ics55_LLSC_H9CR_ff_cbest_1p32_125
 AOAI211X0P5H9R          (C)       4         3.96           15.84  ics55_LLSC_H9CR_ff_cbest_1p32_125
 AOAI211X2H9R            (C)       6         3.96           23.76  ics55_LLSC_H9CR_ff_cbest_1p32_125
 AOAI211X4H9R            (C)       7         5.76           40.32  ics55_LLSC_H9CR_ff_cbest_1p32_125
 AOI211X0P5H9R           (C)      22         2.52           55.44  ics55_LLSC_H9CR_ff_cbest_1p32_125
 AOI211X0P7H9R           (C)       4         2.52           10.08  ics55_LLSC_H9CR_ff_cbest_1p32_125
 AOI211X1H9R             (C)       1         2.52            2.52  ics55_LLSC_H9CR_ff_cbest_1p32_125
 AOI211X1P4H9R           (C)       3         3.96           11.88  ics55_LLSC_H9CR_ff_cbest_1p32_125
 AOI211X2H9R             (C)       4         4.32           17.28  ics55_LLSC_H9CR_ff_cbest_1p32_125
 AOI211X3H9R             (C)       1         5.76            5.76  ics55_LLSC_H9CR_ff_cbest_1p32_125
 AOI211X4H9R             (C)       2         7.56           15.12  ics55_LLSC_H9CR_ff_cbest_1p32_125
 AOI21BX0P5H9R           (C)       1         2.88            2.88  ics55_LLSC_H9CR_ff_cbest_1p32_125
 AOI21BX1H9R             (C)       1         2.88            2.88  ics55_LLSC_H9CR_ff_cbest_1p32_125
 AOI21X0P5H9R            (C)      24         2.16           51.84  ics55_LLSC_H9CR_ff_cbest_1p32_125
 AOI21X1H9R              (C)       9         2.16           19.44  ics55_LLSC_H9CR_ff_cbest_1p32_125
 AOI21X1P4H9R            (C)       1         3.60            3.60  ics55_LLSC_H9CR_ff_cbest_1p32_125
 AOI21X2H9R              (C)       8         3.60           28.80  ics55_LLSC_H9CR_ff_cbest_1p32_125
 AOI221X0P5H9R           (C)      25         3.24           81.00  ics55_LLSC_H9CR_ff_cbest_1p32_125
 AOI221X1H9R             (C)       1         3.24            3.24  ics55_LLSC_H9CR_ff_cbest_1p32_125
 AOI221X4H9R             (C)       2        10.44           20.88  ics55_LLSC_H9CR_ff_cbest_1p32_125
 AOI222X0P5H9R           (C)       1         3.96            3.96  ics55_LLSC_H9CR_ff_cbest_1p32_125
 AOI22X0P5H9R            (C)       2         2.52            5.04  ics55_LLSC_H9CR_ff_cbest_1p32_125
 AOI22X1H9R              (C)       4         2.52           10.08  ics55_LLSC_H9CR_ff_cbest_1p32_125
 AOI22X1P4H9R            (C)       5         4.32           21.60  ics55_LLSC_H9CR_ff_cbest_1p32_125
 AOI22X3H9R              (C)       6         6.12           36.72  ics55_LLSC_H9CR_ff_cbest_1p32_125
 AOI22X4H9R              (C)       2         8.28           16.56  ics55_LLSC_H9CR_ff_cbest_1p32_125
 AOI2BB2X4H9R            (C)       1         6.12            6.12  ics55_LLSC_H9CR_ff_cbest_1p32_125
 AOI2XB1X0P5H9R          (C)       4         2.88           11.52  ics55_LLSC_H9CR_ff_cbest_1p32_125
 AOI2XB1X2H9R            (C)       1         4.32            4.32  ics55_LLSC_H9CR_ff_cbest_1p32_125
 AOI2XB1X4H9R            (C)       1         7.56            7.56  ics55_LLSC_H9CR_ff_cbest_1p32_125
 AOI2XB1X8H9R            (C)       1        13.68           13.68  ics55_LLSC_H9CR_ff_cbest_1p32_125
 AOI31X0P5H9R            (C)      13         2.52           32.76  ics55_LLSC_H9CR_ff_cbest_1p32_125
 AOI31X1H9R              (C)       5         2.52           12.60  ics55_LLSC_H9CR_ff_cbest_1p32_125
 AOI31X2H9R              (C)       1         4.32            4.32  ics55_LLSC_H9CR_ff_cbest_1p32_125
 AOI31X3H9R              (C)       3         6.12           18.36  ics55_LLSC_H9CR_ff_cbest_1p32_125
 AOI32X0P5H9R            (C)       1         2.88            2.88  ics55_LLSC_H9CR_ff_cbest_1p32_125
 AOI32X1H9R              (C)       3         2.88            8.64  ics55_LLSC_H9CR_ff_cbest_1p32_125
 AOI32X1P4H9R            (C)       1         5.40            5.40  ics55_LLSC_H9CR_ff_cbest_1p32_125
 AOI32X2H9R              (C)       3         5.40           16.20  ics55_LLSC_H9CR_ff_cbest_1p32_125
 AOI32X3H9R              (C)       1         7.56            7.56  ics55_LLSC_H9CR_ff_cbest_1p32_125
 AOI32X4H9R              (C)       1        10.08           10.08  ics55_LLSC_H9CR_ff_cbest_1p32_125
 BUFX0P7H9R              (C)       2         1.44            2.88  ics55_LLSC_H9CR_ff_cbest_1p32_125
 BUFX1H9R                (C)      23         1.44           33.12  ics55_LLSC_H9CR_ff_cbest_1p32_125
 BUFX1P4H9R              (C)       6         2.16           12.96  ics55_LLSC_H9CR_ff_cbest_1p32_125
 BUFX1P7H9R              (C)       6         2.52           15.12  ics55_LLSC_H9CR_ff_cbest_1p32_125
 BUFX2H9R                (C)       7         2.52           17.64  ics55_LLSC_H9CR_ff_cbest_1p32_125
 BUFX2P5H9R              (C)       1         2.88            2.88  ics55_LLSC_H9CR_ff_cbest_1p32_125
 BUFX3H9R                (C)       6         2.88           17.28  ics55_LLSC_H9CR_ff_cbest_1p32_125
 BUFX4H9R                (C)       3         3.96           11.88  ics55_LLSC_H9CR_ff_cbest_1p32_125
 BUFX5H9R                (C)       1         4.68            4.68  ics55_LLSC_H9CR_ff_cbest_1p32_125
 BUFX9H9R                (C)       1         7.56            7.56  ics55_LLSC_H9CR_ff_cbest_1p32_125
 CGENCINX2H9R            (C)       1        10.80           10.80  ics55_LLSC_H9CR_ff_cbest_1p32_125
 CGENCONAX1H9R           (C)      10         2.88           28.80  ics55_LLSC_H9CR_ff_cbest_1p32_125
 CGENCONAX2H9R           (C)       4         5.40           21.60  ics55_LLSC_H9CR_ff_cbest_1p32_125
 CGENX1H9R               (C)       9         3.60           32.40  ics55_LLSC_H9CR_ff_cbest_1p32_125
 CGENX1P4H9R             (C)       2         3.96            7.92  ics55_LLSC_H9CR_ff_cbest_1p32_125
 CGENX2H9R               (C)       2         3.96            7.92  ics55_LLSC_H9CR_ff_cbest_1p32_125
 DFFRQX1H9R              (S)       1        10.44           10.44  ics55_LLSC_H9CR_ff_cbest_1p32_125
 DFFRQX2H9R              (S)     157        10.44         1639.08  ics55_LLSC_H9CR_ff_cbest_1p32_125
 DFFRQX4H9R              (S)       5        12.60           63.00  ics55_LLSC_H9CR_ff_cbest_1p32_125
 DFFRX1H9R               (S)      13        10.80          140.40  ics55_LLSC_H9CR_ff_cbest_1p32_125
 DFFRX2H9R               (S)      14        10.80          151.20  ics55_LLSC_H9CR_ff_cbest_1p32_125
 DFFRX4H9R               (S)       1        13.68           13.68  ics55_LLSC_H9CR_ff_cbest_1p32_125
 DFFSQX1H9R              (S)      26         9.00          234.00  ics55_LLSC_H9CR_ff_cbest_1p32_125
 INVX0P5H9R              (C)      30         1.08           32.40  ics55_LLSC_H9CR_ff_cbest_1p32_125
 INVX0P7H9R              (C)       3         1.08            3.24  ics55_LLSC_H9CR_ff_cbest_1p32_125
 INVX16H9R               (C)       1         8.28            8.28  ics55_LLSC_H9CR_ff_cbest_1p32_125
 INVX1H9R                (C)     105         1.08          113.40  ics55_LLSC_H9CR_ff_cbest_1p32_125
 INVX1P4H9R              (C)       1         1.44            1.44  ics55_LLSC_H9CR_ff_cbest_1p32_125
 INVX2H9R                (C)      11         1.44           15.84  ics55_LLSC_H9CR_ff_cbest_1p32_125
 INVX3H9R                (C)       8         2.16           17.28  ics55_LLSC_H9CR_ff_cbest_1p32_125
 INVX4H9R                (C)       3         2.52            7.56  ics55_LLSC_H9CR_ff_cbest_1p32_125
 INVX5H9R                (C)       2         2.88            5.76  ics55_LLSC_H9CR_ff_cbest_1p32_125
 MDFFQX1H9R              (S)     100        10.80         1080.00  ics55_LLSC_H9CR_ff_cbest_1p32_125
 MUXIT2X0P5H9R           (C)       1         3.24            3.24  ics55_LLSC_H9CR_ff_cbest_1p32_125
 NAND2BX0P5H9R           (C)       9         2.16           19.44  ics55_LLSC_H9CR_ff_cbest_1p32_125
 NAND2BX1H9R             (C)       2         2.16            4.32  ics55_LLSC_H9CR_ff_cbest_1p32_125
 NAND2BX2H9R             (C)       3         2.88            8.64  ics55_LLSC_H9CR_ff_cbest_1p32_125
 NAND2BX3H9R             (C)       1         3.96            3.96  ics55_LLSC_H9CR_ff_cbest_1p32_125
 NAND2BX6H9R             (C)       1         6.84            6.84  ics55_LLSC_H9CR_ff_cbest_1p32_125
 NAND2X0P5H9R            (C)      59         1.44           84.96  ics55_LLSC_H9CR_ff_cbest_1p32_125
 NAND2X0P7H9R            (C)       8         1.44           11.52  ics55_LLSC_H9CR_ff_cbest_1p32_125
 NAND2X1H9R              (C)      19         1.44           27.36  ics55_LLSC_H9CR_ff_cbest_1p32_125
 NAND2X1P4H9R            (C)       5         2.16           10.80  ics55_LLSC_H9CR_ff_cbest_1p32_125
 NAND2X2H9R              (C)       9         2.52           22.68  ics55_LLSC_H9CR_ff_cbest_1p32_125
 NAND2X3H9R              (C)       4         3.60           14.40  ics55_LLSC_H9CR_ff_cbest_1p32_125
 NAND2X4H9R              (C)       5         3.96           19.80  ics55_LLSC_H9CR_ff_cbest_1p32_125
 NAND2X6H9R              (C)       1         6.12            6.12  ics55_LLSC_H9CR_ff_cbest_1p32_125
 NAND2X8H9R              (C)       1         7.56            7.56  ics55_LLSC_H9CR_ff_cbest_1p32_125
 NAND2XBX1H9R            (C)       2         2.16            4.32  ics55_LLSC_H9CR_ff_cbest_1p32_125
 NAND2XBX2H9R            (C)       3         2.88            8.64  ics55_LLSC_H9CR_ff_cbest_1p32_125
 NAND2XBX3H9R            (C)       4         3.96           15.84  ics55_LLSC_H9CR_ff_cbest_1p32_125
 NAND2XBX4H9R            (C)       1         4.68            4.68  ics55_LLSC_H9CR_ff_cbest_1p32_125
 NAND2XBX6H9R            (C)       1         6.84            6.84  ics55_LLSC_H9CR_ff_cbest_1p32_125
 NAND3BX0P5H9R           (C)       2         2.52            5.04  ics55_LLSC_H9CR_ff_cbest_1p32_125
 NAND3BX1H9R             (C)       5         2.52           12.60  ics55_LLSC_H9CR_ff_cbest_1p32_125
 NAND3BX3H9R             (C)       2         5.04           10.08  ics55_LLSC_H9CR_ff_cbest_1p32_125
 NAND3BX4H9R             (C)       2         6.12           12.24  ics55_LLSC_H9CR_ff_cbest_1p32_125
 NAND3X0P5H9R            (C)       8         2.16           17.28  ics55_LLSC_H9CR_ff_cbest_1p32_125
 NAND3X0P7H9R            (C)       1         2.16            2.16  ics55_LLSC_H9CR_ff_cbest_1p32_125
 NAND3X1H9R              (C)       9         2.16           19.44  ics55_LLSC_H9CR_ff_cbest_1p32_125
 NAND3X2H9R              (C)       3         3.24            9.72  ics55_LLSC_H9CR_ff_cbest_1p32_125
 NAND3X3H9R              (C)       3         4.68           14.04  ics55_LLSC_H9CR_ff_cbest_1p32_125
 NAND3X4H9R              (C)       2         5.76           11.52  ics55_LLSC_H9CR_ff_cbest_1p32_125
 NAND3XXBX0P5H9R         (C)       1         2.52            2.52  ics55_LLSC_H9CR_ff_cbest_1p32_125
 NAND4BX0P5H9R           (C)       2         2.88            5.76  ics55_LLSC_H9CR_ff_cbest_1p32_125
 NAND4BX4H9R             (C)       1         7.56            7.56  ics55_LLSC_H9CR_ff_cbest_1p32_125
 NAND4X0P5H9R            (C)       4         2.52           10.08  ics55_LLSC_H9CR_ff_cbest_1p32_125
 NAND4X1H9R              (C)       2         2.52            5.04  ics55_LLSC_H9CR_ff_cbest_1p32_125
 NAND4X3H9R              (C)       1         5.76            5.76  ics55_LLSC_H9CR_ff_cbest_1p32_125
 NAND4XXXBX0P5H9R        (C)       1         2.88            2.88  ics55_LLSC_H9CR_ff_cbest_1p32_125
 NOR2BX0P5H9R            (C)       9         2.16           19.44  ics55_LLSC_H9CR_ff_cbest_1p32_125
 NOR2BX1H9R              (C)       1         2.16            2.16  ics55_LLSC_H9CR_ff_cbest_1p32_125
 NOR2BX1P4H9R            (C)       1         2.88            2.88  ics55_LLSC_H9CR_ff_cbest_1p32_125
 NOR2BX2H9R              (C)       1         2.88            2.88  ics55_LLSC_H9CR_ff_cbest_1p32_125
 NOR2BX3H9R              (C)       2         3.60            7.20  ics55_LLSC_H9CR_ff_cbest_1p32_125
 NOR2BX4H9R              (C)       1         4.32            4.32  ics55_LLSC_H9CR_ff_cbest_1p32_125
 NOR2X0P5H9R             (C)      64         1.44           92.16  ics55_LLSC_H9CR_ff_cbest_1p32_125
 NOR2X0P7H9R             (C)       1         1.44            1.44  ics55_LLSC_H9CR_ff_cbest_1p32_125
 NOR2X1H9R               (C)      20         1.44           28.80  ics55_LLSC_H9CR_ff_cbest_1p32_125
 NOR2X1P4H9R             (C)       4         2.16            8.64  ics55_LLSC_H9CR_ff_cbest_1p32_125
 NOR2X2H9R               (C)       1         2.52            2.52  ics55_LLSC_H9CR_ff_cbest_1p32_125
 NOR2X3H9R               (C)       1         3.24            3.24  ics55_LLSC_H9CR_ff_cbest_1p32_125
 NOR2X4H9R               (C)       1         3.96            3.96  ics55_LLSC_H9CR_ff_cbest_1p32_125
 NOR2X6H9R               (C)       1         6.12            6.12  ics55_LLSC_H9CR_ff_cbest_1p32_125
 NOR2XBX0P5H9R           (C)       1         2.16            2.16  ics55_LLSC_H9CR_ff_cbest_1p32_125
 NOR2XBX2H9R             (C)       2         2.88            5.76  ics55_LLSC_H9CR_ff_cbest_1p32_125
 NOR2XBX4H9R             (C)       1         4.32            4.32  ics55_LLSC_H9CR_ff_cbest_1p32_125
 NOR3X0P5H9R             (C)      31         2.16           66.96  ics55_LLSC_H9CR_ff_cbest_1p32_125
 NOR3X1H9R               (C)       6         2.16           12.96  ics55_LLSC_H9CR_ff_cbest_1p32_125
 NOR3X1P4H9R             (C)       2         3.24            6.48  ics55_LLSC_H9CR_ff_cbest_1p32_125
 NOR3X2H9R               (C)       5         3.24           16.20  ics55_LLSC_H9CR_ff_cbest_1p32_125
 NOR3X3H9R               (C)       1         4.68            4.68  ics55_LLSC_H9CR_ff_cbest_1p32_125
 NOR4X0P5H9R             (C)       1         3.96            3.96  ics55_LLSC_H9CR_ff_cbest_1p32_125
 OA211X0P5H9R            (C)       3         3.24            9.72  ics55_LLSC_H9CR_ff_cbest_1p32_125
 OA211X0P7H9R            (C)       1         3.24            3.24  ics55_LLSC_H9CR_ff_cbest_1p32_125
 OA211X1P4H9R            (C)       1         5.76            5.76  ics55_LLSC_H9CR_ff_cbest_1p32_125
 OA211X3H9R              (C)       1         7.56            7.56  ics55_LLSC_H9CR_ff_cbest_1p32_125
 OA21X0P5H9R             (C)       3         2.88            8.64  ics55_LLSC_H9CR_ff_cbest_1p32_125
 OA21X0P7H9R             (C)       2         2.88            5.76  ics55_LLSC_H9CR_ff_cbest_1p32_125
 OA21X1H9R               (C)       4         2.88           11.52  ics55_LLSC_H9CR_ff_cbest_1p32_125
 OA21X3H9R               (C)       1         6.48            6.48  ics55_LLSC_H9CR_ff_cbest_1p32_125
 OA221X4H9R              (C)       2         5.40           10.80  ics55_LLSC_H9CR_ff_cbest_1p32_125
 OA22X0P5H9R             (C)       1         3.24            3.24  ics55_LLSC_H9CR_ff_cbest_1p32_125
 OA22X1H9R               (C)       2         3.24            6.48  ics55_LLSC_H9CR_ff_cbest_1p32_125
 OA22X3H9R               (C)       1         7.92            7.92  ics55_LLSC_H9CR_ff_cbest_1p32_125
 OA31X4H9R               (C)       2         4.68            9.36  ics55_LLSC_H9CR_ff_cbest_1p32_125
 OAI211X0P5H9R           (C)       4         2.52           10.08  ics55_LLSC_H9CR_ff_cbest_1p32_125
 OAI211X1H9R             (C)      11         2.52           27.72  ics55_LLSC_H9CR_ff_cbest_1p32_125
 OAI211X1P4H9R           (C)       1         3.96            3.96  ics55_LLSC_H9CR_ff_cbest_1p32_125
 OAI211X2H9R             (C)       6         4.32           25.92  ics55_LLSC_H9CR_ff_cbest_1p32_125
 OAI211X3H9R             (C)       1         6.12            6.12  ics55_LLSC_H9CR_ff_cbest_1p32_125
 OAI21BX2H9R             (C)       2         4.32            8.64  ics55_LLSC_H9CR_ff_cbest_1p32_125
 OAI21X0P5H9R            (C)      19         2.16           41.04  ics55_LLSC_H9CR_ff_cbest_1p32_125
 OAI21X0P7H9R            (C)       3         2.16            6.48  ics55_LLSC_H9CR_ff_cbest_1p32_125
 OAI21X1H9R              (C)      10         2.16           21.60  ics55_LLSC_H9CR_ff_cbest_1p32_125
 OAI21X1P4H9R            (C)       2         3.24            6.48  ics55_LLSC_H9CR_ff_cbest_1p32_125
 OAI21X2H9R              (C)       3         3.60           10.80  ics55_LLSC_H9CR_ff_cbest_1p32_125
 OAI21X4H9R              (C)       3         6.12           18.36  ics55_LLSC_H9CR_ff_cbest_1p32_125
 OAI21X6H9R              (C)       1         8.28            8.28  ics55_LLSC_H9CR_ff_cbest_1p32_125
 OAI221X0P5H9R           (C)       3         3.24            9.72  ics55_LLSC_H9CR_ff_cbest_1p32_125
 OAI221X1H9R             (C)       1         3.24            3.24  ics55_LLSC_H9CR_ff_cbest_1p32_125
 OAI221X2H9R             (C)       1         5.76            5.76  ics55_LLSC_H9CR_ff_cbest_1p32_125
 OAI221X3H9R             (C)       1         7.92            7.92  ics55_LLSC_H9CR_ff_cbest_1p32_125
 OAI222X2H9R             (C)       1         6.84            6.84  ics55_LLSC_H9CR_ff_cbest_1p32_125
 OAI22X0P5H9R            (C)      54         2.52          136.08  ics55_LLSC_H9CR_ff_cbest_1p32_125
 OAI22X1H9R              (C)       1         2.52            2.52  ics55_LLSC_H9CR_ff_cbest_1p32_125
 OAI22X1P4H9R            (C)       2         3.96            7.92  ics55_LLSC_H9CR_ff_cbest_1p32_125
 OAI22X4H9R              (C)       1         8.28            8.28  ics55_LLSC_H9CR_ff_cbest_1p32_125
 OAI22X6H9R              (C)       1        11.16           11.16  ics55_LLSC_H9CR_ff_cbest_1p32_125
 OAI2BB1X4H9R            (C)       3         4.68           14.04  ics55_LLSC_H9CR_ff_cbest_1p32_125
 OAI2BB2X4H9R            (C)       1         6.12            6.12  ics55_LLSC_H9CR_ff_cbest_1p32_125
 OAI2XB1X0P5H9R          (C)      15         2.52           37.80  ics55_LLSC_H9CR_ff_cbest_1p32_125
 OAI2XB1X1H9R            (C)       2         2.88            5.76  ics55_LLSC_H9CR_ff_cbest_1p32_125
 OAI31X0P5H9R            (C)       6         2.52           15.12  ics55_LLSC_H9CR_ff_cbest_1p32_125
 OAI31X0P7H9R            (C)       2         2.52            5.04  ics55_LLSC_H9CR_ff_cbest_1p32_125
 OAI31X1H9R              (C)       2         2.52            5.04  ics55_LLSC_H9CR_ff_cbest_1p32_125
 OAI31X1P4H9R            (C)       1         3.96            3.96  ics55_LLSC_H9CR_ff_cbest_1p32_125
 OAI31X3H9R              (C)       2         6.12           12.24  ics55_LLSC_H9CR_ff_cbest_1p32_125
 OAI31X4H9R              (C)       3         7.92           23.76  ics55_LLSC_H9CR_ff_cbest_1p32_125
 OAI33X2H9R              (C)       3         4.68           14.04  ics55_LLSC_H9CR_ff_cbest_1p32_125
 OAO211X0P5H9R           (C)       7         4.32           30.24  ics55_LLSC_H9CR_ff_cbest_1p32_125
 OAO211X4H9R             (C)       4         5.04           20.16  ics55_LLSC_H9CR_ff_cbest_1p32_125
 OAOI211X0P5H9R          (C)       2         3.96            7.92  ics55_LLSC_H9CR_ff_cbest_1p32_125
 OAOI211X2H9R            (C)       9         3.96           35.64  ics55_LLSC_H9CR_ff_cbest_1p32_125
 OAOI211X4H9R            (C)       5         5.76           28.80  ics55_LLSC_H9CR_ff_cbest_1p32_125
 OR2X0P5H9R              (C)      21         1.80           37.80  ics55_LLSC_H9CR_ff_cbest_1p32_125
 OR2X0P7H9R              (C)       1         2.16            2.16  ics55_LLSC_H9CR_ff_cbest_1p32_125
 OR2X1H9R                (C)       2         2.16            4.32  ics55_LLSC_H9CR_ff_cbest_1p32_125
 OR2X1P4H9R              (C)       1         2.52            2.52  ics55_LLSC_H9CR_ff_cbest_1p32_125
 OR2X4H9R                (C)       1         5.04            5.04  ics55_LLSC_H9CR_ff_cbest_1p32_125
 OR3X0P5H9R              (C)       4         2.52           10.08  ics55_LLSC_H9CR_ff_cbest_1p32_125
 OR4X0P5H9R              (C)       1         3.60            3.60  ics55_LLSC_H9CR_ff_cbest_1p32_125
 OR4X1P4H9R              (C)       1         3.96            3.96  ics55_LLSC_H9CR_ff_cbest_1p32_125
 XNOR2X0P5H9R            (C)      17         3.24           55.08  ics55_LLSC_H9CR_ff_cbest_1p32_125
 XNOR2X0P7H9R            (C)       3         3.24            9.72  ics55_LLSC_H9CR_ff_cbest_1p32_125
 XNOR2X1H9R              (C)       4         3.60           14.40  ics55_LLSC_H9CR_ff_cbest_1p32_125
 XNOR2X2H9R              (C)       3         6.12           18.36  ics55_LLSC_H9CR_ff_cbest_1p32_125
 XNOR2X3H9R              (C)       1         7.92            7.92  ics55_LLSC_H9CR_ff_cbest_1p32_125
 XNOR3X0P5H9R            (C)       2         6.12           12.24  ics55_LLSC_H9CR_ff_cbest_1p32_125
 XNOR3X1H9R              (C)       3         6.48           19.44  ics55_LLSC_H9CR_ff_cbest_1p32_125
 XNOR3X1P4H9R            (C)       3        10.08           30.24  ics55_LLSC_H9CR_ff_cbest_1p32_125
 XNOR3X3H9R              (C)       3        14.04           42.12  ics55_LLSC_H9CR_ff_cbest_1p32_125
 XOR2X0P5H9R             (C)       8         3.24           25.92  ics55_LLSC_H9CR_ff_cbest_1p32_125
 XOR2X0P7H9R             (C)       1         3.24            3.24  ics55_LLSC_H9CR_ff_cbest_1p32_125
 XOR2X1H9R               (C)       2         3.60            7.20  ics55_LLSC_H9CR_ff_cbest_1p32_125
 XOR2X2H9R               (C)       2         6.12           12.24  ics55_LLSC_H9CR_ff_cbest_1p32_125
 XOR2X3H9R               (C)       4         7.92           31.68  ics55_LLSC_H9CR_ff_cbest_1p32_125
 XOR3X0P5H9R             (C)       3         6.12           18.36  ics55_LLSC_H9CR_ff_cbest_1p32_125
 XOR3X0P7H9R             (C)       2         6.48           12.96  ics55_LLSC_H9CR_ff_cbest_1p32_125
 XOR3X1P4H9R             (C)       1        10.08           10.08  ics55_LLSC_H9CR_ff_cbest_1p32_125
 XOR3X2H9R               (C)       1        12.24           12.24  ics55_LLSC_H9CR_ff_cbest_1p32_125
 XOR3X3H9R               (C)       1        14.04           14.04  ics55_LLSC_H9CR_ff_cbest_1p32_125
===============================================================================

