INFO:    Vectorless flow is adopted in computing power. (PA_I_016)


*******************************************************************************
* Report  : Power                                                             *
* Command : analyze_power > /headless/Desktop/data/syn_try/report/power.rpt   *
* Design  : mac16                                                             *
* Version : 2506_4e37.rel                                                     *
* Date    : 2:34 PM, 13-Apr-26                                                *
*******************************************************************************
*******************************************************************************
* MAX Power Analysis                                                          *
* Environment Library  : ics55_LLSC_H9CR_ff_cbest_1p32_125                    *
* Operating Conditions : ETSCA_N55_H9BR_ff_mos_Cbest_1.32_125                 *
* Wire Load Library    : ics55_LLSC_H9CR_ff_cbest_1p32_125                    *
* Wire Load Model Mode : top                                                  *
* Wire Load Model From : default                                              *
* Wire Load Model On Top Design :                                             *
*******************************************************************************
*******************************************************************************
* Legend :                                                                    *
* Switching power : power dissipated when charging or discharging capacitors  *
* Internal power  : power dissipated within a cell                            *
* X-trans. power  : power dissipated during X-state transitions               *
* Glitch power    : power dissipated during detectable glitches on the nets   *
* Dynamic power   : switching power + internal power                          *
* Static power    : reverse-biased junction leakage + subthreshold leakage    *
* Total power     : dynamic power + static power                              *
*******************************************************************************
Associated Library(s):
    ics55_LLSC_H9CR_ff_cbest_1p32_125


                    Summary of Power Consumption (report_unit_type : power_sum; unit: Watt)
---------------------------------------------------------------------------------------------------------
 Power Category          Internal   Switching   Dynamic(% Tot.)    Static(% Tot.)      Total(% Tot. Pwr.)
---------------------------------------------------------------------------------------------------------
 Total Power             4.342e-03  2.025e-03  6.367e-03( 97.19%)  1.839e-04(  2.81%)  6.551e-03(100.00%)
    - Clocktree          0.000e+00  0.000e+00  0.000e+00(  0.00%)  0.000e+00(  0.00%)  0.000e+00(  0.00%)
    - Register           3.553e-03  5.981e-04  4.152e-03( 98.09%)  8.095e-05(  1.91%)  4.232e-03( 64.61%)
    - Sequential         0.000e+00  0.000e+00  0.000e+00(  0.00%)  0.000e+00(  0.00%)  0.000e+00(  0.00%)
    - Black_Box          0.000e+00  0.000e+00  0.000e+00(  0.00%)  0.000e+00(  0.00%)  0.000e+00(  0.00%)
    - Memory             0.000e+00  0.000e+00  0.000e+00(  0.00%)  0.000e+00(  0.00%)  0.000e+00(  0.00%)
    - Pad                0.000e+00  0.000e+00  0.000e+00(  0.00%)  0.000e+00(  0.00%)  0.000e+00(  0.00%)
    - Combinational      7.886e-04  1.427e-03  2.216e-03( 95.56%)  1.030e-04(  4.44%)  2.319e-03( 35.39%)

          Power Consumption by Design (report_unit_type : power_sum; unit: Watt)
------------------------------------------------------------------------------------
 Instance Name (Design Name)
  Level   Internal  Switching   X-trans.     Glitch    Dynamic     Static      Total
          (% Dyn.)   (% Dyn.)   (% Dyn.)   (% Dyn.)   (% Tot.)   (% Tot.)           
------------------------------------------------------------------------------------
 mac16 (mac16)
      0  4.342e-03  2.025e-03  0.000e+00  0.000e+00  6.367e-03  1.839e-04  6.551e-03
         ( 68.19%)  ( 31.81%)  (  0.00%)  (  0.00%)  ( 97.19%)  (  2.81%)           
------------------------------------------------------------------------------------
